Using pre-set license
Built from '2020.3/release' branch; Version is '2020.3.2f1 (8fd9074bf66c) revision 9427207'; Using compiler version '192528614'; Build Type 'Release'
OS: 'Windows 10 Home Single Language; OS build 19043.1237; Version 2009; 64bit' Language: 'es' Physical Memory: 16331 MB
BatchMode: 1, IsHumanControllingUs: 0, StartBugReporterOnCrash: 0, Is64bit: 1, IsPro: 0

 COMMAND LINE ARGUMENTS:
C:\Program Files\Unity\Hub\Editor\2020.3.2f1\Editor\Unity.exe
-adb2
-batchMode
-noUpm
-name
AssetImportWorker0
-projectPath
C:/Users/bolra/Documents/Walcater/Taller5to/CrimsonIncRepository
-logFile
Logs/AssetImportWorker0.log
-srvPort
61473
Successfully changed project path to: C:/Users/bolra/Documents/Walcater/Taller5to/CrimsonIncRepository
C:/Users/bolra/Documents/Walcater/Taller5to/CrimsonIncRepository
Using Asset Import Pipeline V2.
Refreshing native plugins compatible for Editor in 71.23 ms, found 0 plugins.
Preloading 0 native plugins for Editor in 0.00 ms.
Initialize engine version: 2020.3.2f1 (8fd9074bf66c)
[Subsystems] Discovering subsystems at path C:/Program Files/Unity/Hub/Editor/2020.3.2f1/Editor/Data/Resources/UnitySubsystems
[Subsystems] Discovering subsystems at path C:/Users/bolra/Documents/Walcater/Taller5to/CrimsonIncRepository/Assets
GfxDevice: creating device client; threaded=0
Direct3D:
    Version:  Direct3D 11.0 [level 11.0]
    Renderer: NVIDIA GeForce GT 650M (ID=0xfd1)
    Vendor:   
    VRAM:     2007 MB
    Driver:   25.21.14.2531
Initialize mono
Mono path[0] = 'C:/Program Files/Unity/Hub/Editor/2020.3.2f1/Editor/Data/Managed'
Mono path[1] = 'C:/Program Files/Unity/Hub/Editor/2020.3.2f1/Editor/Data/MonoBleedingEdge/lib/mono/unityjit'
Mono config path = 'C:/Program Files/Unity/Hub/Editor/2020.3.2f1/Editor/Data/MonoBleedingEdge/etc'
Using monoOptions --debugger-agent=transport=dt_socket,embedding=1,server=y,suspend=n,address=127.0.0.1:56344
Begin MonoManager ReloadAssembly
Registering precompiled unity dll's ...
Register platform support module: C:/Program Files/Unity/Hub/Editor/2020.3.2f1/Editor/Data/PlaybackEngines/WebGLSupport/UnityEditor.WebGL.Extensions.dll
Register platform support module: C:/Program Files/Unity/Hub/Editor/2020.3.2f1/Editor/Data/PlaybackEngines/WindowsStandaloneSupport/UnityEditor.WindowsStandalone.Extensions.dll
Registered in 0.009377 seconds.
Native extension for WindowsStandalone target not found
Native extension for WebGL target not found
Refreshing native plugins compatible for Editor in 56.57 ms, found 0 plugins.
Preloading 0 native plugins for Editor in 0.00 ms.
Invoked RoslynAnalysisRunner static constructor.
RoslynAnalysisRunner will not be running.
RoslynAnalysisRunner has terminated.
Mono: successfully reloaded assembly
- Completed reload, in  4.713 seconds
Platform modules already initialized, skipping
Registering precompiled user dll's ...
Registered in 0.002223 seconds.
Begin MonoManager ReloadAssembly
Native extension for WindowsStandalone target not found
Native extension for WebGL target not found
Refreshing native plugins compatible for Editor in 0.34 ms, found 0 plugins.
Preloading 0 native plugins for Editor in 0.00 ms.
Invoked RoslynAnalysisRunner static constructor.
RoslynAnalysisRunner will not be running.
RoslynAnalysisRunner has terminated.
Mono: successfully reloaded assembly
- Completed reload, in  1.906 seconds
Platform modules already initialized, skipping
========================================================================
Worker process is ready to serve import requests
Launched and connected shader compiler UnityShaderCompiler.exe after 0.10 seconds
Refreshing native plugins compatible for Editor in 0.37 ms, found 0 plugins.
Preloading 0 native plugins for Editor in 0.00 ms.
Unloading 1264 Unused Serialized files (Serialized files now loaded: 0)
System memory in use before: 61.9 MB.
System memory in use after: 62.0 MB.

Unloading 10 unused Assets to reduce memory usage. Loaded Objects now: 1707.
Total: 3.324700 ms (FindLiveObjects: 0.264500 ms CreateObjectMapping: 0.150700 ms MarkObjects: 2.811900 ms  DeleteObjects: 0.095500 ms)

========================================================================
Received Import Request.
  path: Assets/Scenes/SantiWhiteBlocking.unity
  artifactKey: Guid(52617e4fe38f2d147a8397d42ccfceb3) Importer(815301076,1909f56bfc062723c751e8b465ee728b)
Start importing Assets/Scenes/SantiWhiteBlocking.unity using Guid(52617e4fe38f2d147a8397d42ccfceb3) Importer(815301076,1909f56bfc062723c751e8b465ee728b)  -> (artifact id: '82cdf40150ac42dc121f46bdbef51095') in 0.068860 seconds
  Import took 0.072358 seconds .

========================================================================
Received Import Request.
  Time since last request: 0.927767 seconds.
  path: Assets/Scenes/Test1.unity
  artifactKey: Guid(9fc0d4010bbf28b4594072e72b8655ab) Importer(815301076,1909f56bfc062723c751e8b465ee728b)
Start importing Assets/Scenes/Test1.unity using Guid(9fc0d4010bbf28b4594072e72b8655ab) Importer(815301076,1909f56bfc062723c751e8b465ee728b)  -> (artifact id: 'fdd3337641596b6cf35ba375410342d3') in 0.017727 seconds
  Import took 0.033332 seconds .

========================================================================
Received Import Request.
  Time since last request: 31.717593 seconds.
  path: Assets/Scenes/ChrisWhiteblocking.unity
  artifactKey: Guid(a80235a6d8f29eb4593eedfde0cd55c9) Importer(815301076,1909f56bfc062723c751e8b465ee728b)
Start importing Assets/Scenes/ChrisWhiteblocking.unity using Guid(a80235a6d8f29eb4593eedfde0cd55c9) Importer(815301076,1909f56bfc062723c751e8b465ee728b)  -> (artifact id: '3fa0112b480c9903f701084ff610bf77') in 0.014157 seconds
  Import took 0.017387 seconds .

========================================================================
Received Import Request.
  Time since last request: 0.007118 seconds.
  path: Assets/Scenes/ChrisWhiteblocking.unity
  artifactKey: Guid(a80235a6d8f29eb4593eedfde0cd55c9) Importer(815301076,1909f56bfc062723c751e8b465ee728b)
Start importing Assets/Scenes/ChrisWhiteblocking.unity using Guid(a80235a6d8f29eb4593eedfde0cd55c9) Importer(815301076,1909f56bfc062723c751e8b465ee728b)  -> (artifact id: '3fa0112b480c9903f701084ff610bf77') in 0.005717 seconds
  Import took 0.008520 seconds .

========================================================================
Received Import Request.
  Time since last request: 9.179062 seconds.
  path: Assets/Scenes/Boss3.unity
  artifactKey: Guid(ba54245de7e0f79469610882610d0d9f) Importer(815301076,1909f56bfc062723c751e8b465ee728b)
Start importing Assets/Scenes/Boss3.unity using Guid(ba54245de7e0f79469610882610d0d9f) Importer(815301076,1909f56bfc062723c751e8b465ee728b)  -> (artifact id: '3bb202676823fc2aac637771146d3716') in 0.014305 seconds
  Import took 0.017983 seconds .

AssetImportWorkerClient::OnTransportError - code=2 error=End of file
