Using pre-set license
Built from '2020.3/release' branch; Version is '2020.3.2f1 (8fd9074bf66c) revision 9427207'; Using compiler version '192528614'; Build Type 'Release'
OS: 'Windows 10 Pro; OS build 19042.685; Version 2009; 64bit' Language: 'es' Physical Memory: 16310 MB
BatchMode: 1, IsHumanControllingUs: 0, StartBugReporterOnCrash: 0, Is64bit: 1, IsPro: 0

 COMMAND LINE ARGUMENTS:
C:\Program Files\Unity\Hub\Editor\2020.3.2f1\Editor\Unity.exe
-adb2
-batchMode
-noUpm
-name
AssetImportWorker0
-projectPath
C:/Users/User/Documents/GitHub/CrimsonIncRepository
-logFile
Logs/AssetImportWorker0.log
-srvPort
53348
Successfully changed project path to: C:/Users/User/Documents/GitHub/CrimsonIncRepository
C:/Users/User/Documents/GitHub/CrimsonIncRepository
Using Asset Import Pipeline V2.
Refreshing native plugins compatible for Editor in 20.87 ms, found 0 plugins.
Preloading 0 native plugins for Editor in 0.00 ms.
Initialize engine version: 2020.3.2f1 (8fd9074bf66c)
[Subsystems] Discovering subsystems at path C:/Program Files/Unity/Hub/Editor/2020.3.2f1/Editor/Data/Resources/UnitySubsystems
[Subsystems] Discovering subsystems at path C:/Users/User/Documents/GitHub/CrimsonIncRepository/Assets
GfxDevice: creating device client; threaded=0
Direct3D:
    Version:  Direct3D 11.0 [level 11.1]
    Renderer: NVIDIA GeForce RTX 3070 (ID=0x2484)
    Vendor:   
    VRAM:     8043 MB
    Driver:   30.0.14.7168
Initialize mono
Mono path[0] = 'C:/Program Files/Unity/Hub/Editor/2020.3.2f1/Editor/Data/Managed'
Mono path[1] = 'C:/Program Files/Unity/Hub/Editor/2020.3.2f1/Editor/Data/MonoBleedingEdge/lib/mono/unityjit'
Mono config path = 'C:/Program Files/Unity/Hub/Editor/2020.3.2f1/Editor/Data/MonoBleedingEdge/etc'
Using monoOptions --debugger-agent=transport=dt_socket,embedding=1,server=y,suspend=n,address=127.0.0.1:56932
Begin MonoManager ReloadAssembly
Registering precompiled unity dll's ...
Register platform support module: C:/Program Files/Unity/Hub/Editor/2020.3.2f1/Editor/Data/PlaybackEngines/WebGLSupport/UnityEditor.WebGL.Extensions.dll
Register platform support module: C:/Program Files/Unity/Hub/Editor/2020.3.2f1/Editor/Data/PlaybackEngines/WindowsStandaloneSupport/UnityEditor.WindowsStandalone.Extensions.dll
Registered in 0.001753 seconds.
Native extension for WindowsStandalone target not found
Native extension for WebGL target not found
Refreshing native plugins compatible for Editor in 21.46 ms, found 0 plugins.
Preloading 0 native plugins for Editor in 0.00 ms.
Invoked RoslynAnalysisRunner static constructor.
RoslynAnalysisRunner will not be running.
RoslynAnalysisRunner has terminated.
Mono: successfully reloaded assembly
- Completed reload, in  0.941 seconds
Platform modules already initialized, skipping
Registering precompiled user dll's ...
Registered in 0.000456 seconds.
Begin MonoManager ReloadAssembly
Native extension for WindowsStandalone target not found
Native extension for WebGL target not found
Refreshing native plugins compatible for Editor in 0.22 ms, found 0 plugins.
Preloading 0 native plugins for Editor in 0.00 ms.
Invoked RoslynAnalysisRunner static constructor.
RoslynAnalysisRunner will not be running.
RoslynAnalysisRunner has terminated.
Mono: successfully reloaded assembly
- Completed reload, in  0.672 seconds
Platform modules already initialized, skipping
========================================================================
Worker process is ready to serve import requests
Launched and connected shader compiler UnityShaderCompiler.exe after 0.04 seconds
Refreshing native plugins compatible for Editor in 0.21 ms, found 0 plugins.
Preloading 0 native plugins for Editor in 0.00 ms.
Unloading 1264 Unused Serialized files (Serialized files now loaded: 0)
System memory in use before: 62.0 MB.
System memory in use after: 62.0 MB.

Unloading 12 unused Assets to reduce memory usage. Loaded Objects now: 1705.
Total: 1.971200 ms (FindLiveObjects: 0.168600 ms CreateObjectMapping: 0.032000 ms MarkObjects: 1.682800 ms  DeleteObjects: 0.086900 ms)

========================================================================
Received Import Request.
  path: Assets/Scenes
  artifactKey: Guid(456ba0652856714468ef9283337ddcdc) Importer(815301076,1909f56bfc062723c751e8b465ee728b)
Start importing Assets/Scenes using Guid(456ba0652856714468ef9283337ddcdc) Importer(815301076,1909f56bfc062723c751e8b465ee728b)  -> (artifact id: '5819c5d96281a55907af5d9dea7fba8e') in 0.004069 seconds
  Import took 0.006145 seconds .

========================================================================
Received Import Request.
  Time since last request: 7.561848 seconds.
  path: Assets/Scenes/Boss1.unity
  artifactKey: Guid(312f014ed3518cd428bc4fb3d5375e0f) Importer(815301076,1909f56bfc062723c751e8b465ee728b)
Start importing Assets/Scenes/Boss1.unity using Guid(312f014ed3518cd428bc4fb3d5375e0f) Importer(815301076,1909f56bfc062723c751e8b465ee728b)  -> (artifact id: 'c5c8a75304a2b2238d6409fd124b698c') in 0.009827 seconds
  Import took 0.011856 seconds .

========================================================================
Received Import Request.
  Time since last request: 1.030232 seconds.
  path: Assets/Scenes/Boss2.unity
  artifactKey: Guid(30070991fa7b4bb4480e122babd8e943) Importer(815301076,1909f56bfc062723c751e8b465ee728b)
Start importing Assets/Scenes/Boss2.unity using Guid(30070991fa7b4bb4480e122babd8e943) Importer(815301076,1909f56bfc062723c751e8b465ee728b)  -> (artifact id: '3bea6ae5eee175815cf3d2bda5b8fed9') in 0.001978 seconds
  Import took 0.003939 seconds .

========================================================================
Received Import Request.
  Time since last request: 0.545670 seconds.
  path: Assets/Scenes/Boss3.unity
  artifactKey: Guid(ba54245de7e0f79469610882610d0d9f) Importer(815301076,1909f56bfc062723c751e8b465ee728b)
Start importing Assets/Scenes/Boss3.unity using Guid(ba54245de7e0f79469610882610d0d9f) Importer(815301076,1909f56bfc062723c751e8b465ee728b)  -> (artifact id: '3bb202676823fc2aac637771146d3716') in 0.002374 seconds
  Import took 0.004221 seconds .

========================================================================
Received Import Request.
  Time since last request: 15.178424 seconds.
  path: Assets/3D
  artifactKey: Guid(3d4862baaaa61c843aa3d8ba5c610128) Importer(815301076,1909f56bfc062723c751e8b465ee728b)
Start importing Assets/3D using Guid(3d4862baaaa61c843aa3d8ba5c610128) Importer(815301076,1909f56bfc062723c751e8b465ee728b)  -> (artifact id: '7d65d3a455f8a5828a205d97d8a77fcc') in 0.001582 seconds
  Import took 0.003489 seconds .

========================================================================
Received Import Request.
  Time since last request: 0.005879 seconds.
  path: Assets/3D
  artifactKey: Guid(3d4862baaaa61c843aa3d8ba5c610128) Importer(815301076,1909f56bfc062723c751e8b465ee728b)
Start importing Assets/3D using Guid(3d4862baaaa61c843aa3d8ba5c610128) Importer(815301076,1909f56bfc062723c751e8b465ee728b)  -> (artifact id: '7d65d3a455f8a5828a205d97d8a77fcc') in 0.001619 seconds
  Import took 0.003377 seconds .

========================================================================
Received Import Request.
  Time since last request: 0.062404 seconds.
  path: Assets/3D/pruebaLvl3.fbx
  artifactKey: Guid(27a406e2304879045a0c422645fad891) Importer(815301076,1909f56bfc062723c751e8b465ee728b)
Start importing Assets/3D/pruebaLvl3.fbx using Guid(27a406e2304879045a0c422645fad891) Importer(815301076,1909f56bfc062723c751e8b465ee728b)  -> (artifact id: 'ffb5a6a92561e233d6be7b855cf270e0') in 0.261759 seconds
  Import took 0.264163 seconds .

========================================================================
Received Import Request.
  Time since last request: 6.395961 seconds.
  path: Assets/Pref
  artifactKey: Guid(4f12623badef9a846b0bdf57b0eaba7b) Importer(815301076,1909f56bfc062723c751e8b465ee728b)
Start importing Assets/Pref using Guid(4f12623badef9a846b0bdf57b0eaba7b) Importer(815301076,1909f56bfc062723c751e8b465ee728b)  -> (artifact id: '65ee91b4fd80d595498425827fad00c0') in 0.001655 seconds
  Import took 0.003766 seconds .

========================================================================
Received Import Request.
  Time since last request: 0.075906 seconds.
  path: Assets/Pref/Level 0.prefab
  artifactKey: Guid(da751664153a04c4e9f32c451357198e) Importer(815301076,1909f56bfc062723c751e8b465ee728b)
Start importing Assets/Pref/Level 0.prefab using Guid(da751664153a04c4e9f32c451357198e) Importer(815301076,1909f56bfc062723c751e8b465ee728b)  -> (artifact id: '5a0ad4763c0f53b3fda615c4bfcbafa9') in 0.011322 seconds
  Import took 0.014056 seconds .

========================================================================
Received Import Request.
  Time since last request: 4.296790 seconds.
  path: Assets/Pref/Tuboncio.mb
  artifactKey: Guid(7fbc0a9eb9ecfb74aa382fbaf53e1ed6) Importer(815301076,1909f56bfc062723c751e8b465ee728b)
Start importing Assets/Pref/Tuboncio.mb using Guid(7fbc0a9eb9ecfb74aa382fbaf53e1ed6) Importer(815301076,1909f56bfc062723c751e8b465ee728b)  -> (artifact id: 'b4e2dc54f969dbb8de1fb6f90a422921') in 0.004419 seconds
  Import took 0.006583 seconds .

========================================================================
Received Import Request.
  Time since last request: 0.023918 seconds.
  path: Assets/Pref/Tuboncio.mb
  artifactKey: Guid(7fbc0a9eb9ecfb74aa382fbaf53e1ed6) Importer(815301076,1909f56bfc062723c751e8b465ee728b)
Start importing Assets/Pref/Tuboncio.mb using Guid(7fbc0a9eb9ecfb74aa382fbaf53e1ed6) Importer(815301076,1909f56bfc062723c751e8b465ee728b)  -> (artifact id: 'b4e2dc54f969dbb8de1fb6f90a422921') in 0.002237 seconds
  Import took 0.004155 seconds .

AssetImportWorkerClient::OnTransportError - code=2 error=End of file
